<?xml version="1.0" encoding="UTF-8"?>
<testng-results skipped="0" failed="0" total="1" passed="1">
  <reporter-output>
  </reporter-output>
  <suite name="Suite" duration-ms="19" started-at="2019-01-28T10:29:55Z" finished-at="2019-01-28T10:29:55Z">
    <groups>
    </groups>
    <test name="Test" duration-ms="19" started-at="2019-01-28T10:29:55Z" finished-at="2019-01-28T10:29:55Z">
      <class name="page.Dem1">
        <test-method status="PASS" signature="sams()[pri:0, instance:page.Dem1@18ef96]" name="sams" duration-ms="6" started-at="2019-01-28T15:59:55Z" finished-at="2019-01-28T15:59:55Z">
          <reporter-output>
          </reporter-output>
        </test-method> <!-- sams -->
      </class> <!-- page.Dem1 -->
    </test> <!-- Test -->
  </suite> <!-- Suite -->
</testng-results>
